<?xml version="1.0" encoding="utf-8"?>
<?AutomationStudio Version="4.5.2.102"?>
<Objects>
  <Object
    Path="F:\Software\Labs\LAB1\Logical\Package.pkg"
    LogicalPath=""
    Type="Package.ParentUnknown"
    LastWriteTime="133408953406333756" />
  <Object
    Path="F:\Software\Labs\LAB1\Logical\Global.typ"
    LogicalPath="Global.typ"
    Type="File"
    LastWriteTime="133392512777602487"
    Private="false" />
  <Object
    Path="F:\Software\Labs\LAB1\Logical\Global.var"
    LogicalPath="Global.var"
    Type="File"
    LastWriteTime="133392512777914624"
    Private="false" />
  <Object
    Path="F:\Software\Labs\LAB1\Logical\Libraries\Package.pkg"
    LogicalPath="Libraries"
    Type="Package"
    LastWriteTime="133392528630766867" />
  <Object
    Path="F:\Software\Labs\LAB1\Logical\Libraries\operator\binary.lby"
    LogicalPath="Libraries.operator"
    Type="Library"
    LastWriteTime="133392512789138144" />
  <Object
    Path="F:\Software\Labs\LAB1\Logical\Libraries\operator\operator.fun"
    LogicalPath="Libraries.operator.operator.fun"
    Type="File"
    LastWriteTime="133392512789057637"
    Private="false" />
  <Object
    Path="F:\Software\Labs\LAB1\Logical\Libraries\operator\operator.typ"
    LogicalPath="Libraries.operator.operator.typ"
    Type="File"
    LastWriteTime="133392512789057637"
    Private="false" />
  <Object
    Path="F:\Software\Labs\LAB1\Logical\Libraries\operator\operator.var"
    LogicalPath="Libraries.operator.operator.var"
    Type="File"
    LastWriteTime="133392512789138144"
    Private="false" />
  <Object
    Path="F:\Software\Labs\LAB1\Logical\Libraries\runtime\binary.lby"
    LogicalPath="Libraries.runtime"
    Type="Library"
    LastWriteTime="133392512793058411" />
  <Object
    Path="F:\Software\Labs\LAB1\Logical\Libraries\runtime\runtime.fun"
    LogicalPath="Libraries.runtime.runtime.fun"
    Type="File"
    LastWriteTime="133392512792958329"
    Private="false" />
  <Object
    Path="F:\Software\Labs\LAB1\Logical\Libraries\runtime\runtime.typ"
    LogicalPath="Libraries.runtime.runtime.typ"
    Type="File"
    LastWriteTime="133392512792958329"
    Private="false" />
  <Object
    Path="F:\Software\Labs\LAB1\Logical\Libraries\runtime\runtime.var"
    LogicalPath="Libraries.runtime.runtime.var"
    Type="File"
    LastWriteTime="133392512793058411"
    Private="false" />
  <Object
    Path="F:\Software\Labs\LAB1\Logical\Libraries\astime\binary.lby"
    LogicalPath="Libraries.astime"
    Type="Library"
    LastWriteTime="133392512796283353" />
  <Object
    Path="F:\Software\Labs\LAB1\Logical\Libraries\astime\astime.fun"
    LogicalPath="Libraries.astime.astime.fun"
    Type="File"
    LastWriteTime="133392512796182982"
    Private="false" />
  <Object
    Path="F:\Software\Labs\LAB1\Logical\Libraries\astime\astime.typ"
    LogicalPath="Libraries.astime.astime.typ"
    Type="File"
    LastWriteTime="133392512796283353"
    Private="false" />
  <Object
    Path="F:\Software\Labs\LAB1\Logical\Libraries\astime\astime.var"
    LogicalPath="Libraries.astime.astime.var"
    Type="File"
    LastWriteTime="133392512796283353"
    Private="false" />
  <Object
    Path="F:\Software\Labs\LAB1\Logical\Libraries\AsIecCon\binary.lby"
    LogicalPath="Libraries.AsIecCon"
    Type="Library"
    LastWriteTime="133392512799448045" />
  <Object
    Path="F:\Software\Labs\LAB1\Logical\Libraries\AsIecCon\AsIecCon.fun"
    LogicalPath="Libraries.AsIecCon.AsIecCon.fun"
    Type="File"
    LastWriteTime="133392512799448045"
    Private="false" />
  <Object
    Path="F:\Software\Labs\LAB1\Logical\Libraries\AsIecCon\AsIecCon.typ"
    LogicalPath="Libraries.AsIecCon.AsIecCon.typ"
    Type="File"
    LastWriteTime="133392512799448045"
    Private="false" />
  <Object
    Path="F:\Software\Labs\LAB1\Logical\Libraries\AsIecCon\AsIecCon.var"
    LogicalPath="Libraries.AsIecCon.AsIecCon.var"
    Type="File"
    LastWriteTime="133392512799448045"
    Private="false" />
  <Object
    Path="F:\Software\Labs\LAB1\Logical\Libraries\Library\ANSIC.lby"
    LogicalPath="Libraries.Library"
    Type="Library"
    LastWriteTime="133407935534210311" />
  <Object
    Path="F:\Software\Labs\LAB1\Logical\Libraries\Library\Types.typ"
    LogicalPath="Libraries.Library.Types.typ"
    Type="File"
    LastWriteTime="133392528630610653"
    Private="false" />
  <Object
    Path="F:\Software\Labs\LAB1\Logical\Libraries\Library\Constants.var"
    LogicalPath="Libraries.Library.Constants.var"
    Type="File"
    LastWriteTime="133392528630766867"
    Private="false" />
  <Object
    Path="F:\Software\Labs\LAB1\Logical\Libraries\Library\Library.fun"
    LogicalPath="Libraries.Library.Library.fun"
    Type="File"
    LastWriteTime="133408963563897764"
    Private="false" />
  <Object
    Path="F:\Software\Labs\LAB1\Logical\Libraries\Library\FB_Motor.c"
    LogicalPath="Libraries.Library.FB_Motor.c"
    Type="File"
    LastWriteTime="133404641512746250"
    Private="false" />
  <Object
    Path="F:\Software\Labs\LAB1\Logical\Libraries\Library\FB_Integrator.c"
    LogicalPath="Libraries.Library.FB_Integrator.c"
    Type="File"
    LastWriteTime="133408418086633842"
    Private="false" />
  <Object
    Path="F:\Software\Labs\LAB1\Logical\Libraries\Library\FB_Controller.c"
    LogicalPath="Libraries.Library.FB_Controller.c"
    Type="File"
    LastWriteTime="133407946059394146"
    Private="false" />
  <Object
    Path="F:\Software\Labs\LAB1\Logical\Program\ANSIC.prg"
    LogicalPath="Program"
    Type="Program"
    LastWriteTime="133408951433910068" />
  <Object
    Path="F:\Software\Labs\LAB1\Logical\Program\Main.cpp"
    LogicalPath="Program.Main.cpp"
    Type="File"
    LastWriteTime="133415926264680840"
    Private="false" />
  <Object
    Path="F:\Software\Labs\LAB1\Logical\Program\Types.typ"
    LogicalPath="Program.Types.typ"
    Type="File"
    LastWriteTime="133408951432687530"
    Private="true" />
  <Object
    Path="F:\Software\Labs\LAB1\Logical\Program\Variables.var"
    LogicalPath="Program.Variables.var"
    Type="File"
    LastWriteTime="133408965870905531"
    Private="true" />
  <Object
    Path="F:\Software\Labs\LAB1\Physical\Real\Config.pkg"
    LogicalPath="Real"
    Type="Configuration.ParentUnknown"
    LastWriteTime="133392512831292733" />
  <Object
    Path="F:\Software\Labs\LAB1\Physical\Real\Hardware.hw"
    LogicalPath="Real.Hardware.hw"
    Type="File"
    LastWriteTime="133415913991141218"
    Private="false" />
  <Object
    Path="F:\Software\Labs\LAB1\Physical\Real\Hardware.hwl"
    LogicalPath="Real.Hardware.hwl"
    Type="File"
    LastWriteTime="131865063240000000"
    Private="false" />
  <Object
    Path="F:\Software\Labs\LAB1\Physical\Real\4PP065_0571_P74\Cpu.pkg"
    LogicalPath="Real.4PP065_0571_P74"
    Type="Cpu"
    LastWriteTime="133392512804767178" />
  <Object
    Path="F:\Software\Labs\LAB1\Physical\Real\4PP065_0571_P74\Cpu.sw"
    LogicalPath="Real.4PP065_0571_P74.Cpu.sw"
    Type="File"
    LastWriteTime="133408953406890627"
    Private="false" />
  <Object
    Path="F:\Software\Labs\LAB1\Physical\Real\4PP065_0571_P74\Cpu.per"
    LogicalPath="Real.4PP065_0571_P74.Cpu.per"
    Type="File"
    LastWriteTime="133392512803229943"
    Private="false" />
  <Object
    Path="F:\Software\Labs\LAB1\Physical\Real\4PP065_0571_P74\IoMap.iom"
    LogicalPath="Real.4PP065_0571_P74.IoMap.iom"
    Type="File"
    LastWriteTime="133392512803229943"
    Private="false" />
  <Object
    Path="F:\Software\Labs\LAB1\Physical\Real\4PP065_0571_P74\PvMap.vvm"
    LogicalPath="Real.4PP065_0571_P74.PvMap.vvm"
    Type="File"
    LastWriteTime="133392512803386156"
    Private="false" />
  <Object
    Path="F:\Software\Labs\LAB1\Physical\Real\4PP065_0571_P74\Connectivity\Package.pkg"
    LogicalPath="Real.4PP065_0571_P74.Connectivity"
    Type="Package"
    LastWriteTime="133392512803607999" />
  <Object
    Path="F:\Software\Labs\LAB1\Physical\Real\4PP065_0571_P74\Connectivity\OpcUA\Package.pkg"
    LogicalPath="Real.4PP065_0571_P74.Connectivity.OpcUA"
    Type="Package"
    LastWriteTime="133392512803607999" />
  <Object
    Path="F:\Software\Labs\LAB1\Physical\Real\4PP065_0571_P74\TextSystem\Package.pkg"
    LogicalPath="Real.4PP065_0571_P74.TextSystem"
    Type="Package"
    LastWriteTime="133392512803607999" />
  <Object
    Path="F:\Software\Labs\LAB1\Physical\Real\4PP065_0571_P74\UnitSystem\Package.pkg"
    LogicalPath="Real.4PP065_0571_P74.UnitSystem"
    Type="Package"
    LastWriteTime="133392512803764246" />
  <Object
    Path="F:\Software\Labs\LAB1\Physical\Real\4PP065_0571_P74\AccessAndSecurity\Package.pkg"
    LogicalPath="Real.4PP065_0571_P74.AccessAndSecurity"
    Type="Package"
    LastWriteTime="133392512804389097" />
  <Object
    Path="F:\Software\Labs\LAB1\Physical\Real\4PP065_0571_P74\AccessAndSecurity\UserRoleSystem\Package.pkg"
    LogicalPath="Real.4PP065_0571_P74.AccessAndSecurity.UserRoleSystem"
    Type="Package"
    LastWriteTime="133392512803920740" />
  <Object
    Path="F:\Software\Labs\LAB1\Physical\Real\4PP065_0571_P74\AccessAndSecurity\UserRoleSystem\Role.role"
    LogicalPath="Real.4PP065_0571_P74.AccessAndSecurity.UserRoleSystem.Role.role"
    Type="File"
    LastWriteTime="133392512803920740"
    Private="false" />
  <Object
    Path="F:\Software\Labs\LAB1\Physical\Real\4PP065_0571_P74\AccessAndSecurity\UserRoleSystem\User.user"
    LogicalPath="Real.4PP065_0571_P74.AccessAndSecurity.UserRoleSystem.User.user"
    Type="File"
    LastWriteTime="133392512803920740"
    Private="false" />
  <Object
    Path="F:\Software\Labs\LAB1\Physical\Real\4PP065_0571_P74\AccessAndSecurity\CertificateStore\Package.pkg"
    LogicalPath="Real.4PP065_0571_P74.AccessAndSecurity.CertificateStore"
    Type="Package"
    LastWriteTime="133392512804232880" />
  <Object
    Path="F:\Software\Labs\LAB1\Physical\Real\4PP065_0571_P74\AccessAndSecurity\CertificateStore\OwnCertificates\Package.pkg"
    LogicalPath="Real.4PP065_0571_P74.AccessAndSecurity.CertificateStore.OwnCertificates"
    Type="Package"
    LastWriteTime="133392512804076988" />
  <Object
    Path="F:\Software\Labs\LAB1\Physical\Real\4PP065_0571_P74\AccessAndSecurity\CertificateStore\OwnCertificates\Certificates\Package.pkg"
    LogicalPath="Real.4PP065_0571_P74.AccessAndSecurity.CertificateStore.OwnCertificates.Certificates"
    Type="Package"
    LastWriteTime="133392512804076988" />
  <Object
    Path="F:\Software\Labs\LAB1\Physical\Real\4PP065_0571_P74\AccessAndSecurity\CertificateStore\OwnCertificates\PrivateKeys\Package.pkg"
    LogicalPath="Real.4PP065_0571_P74.AccessAndSecurity.CertificateStore.OwnCertificates.PrivateKeys"
    Type="Package"
    LastWriteTime="133392512804076988" />
  <Object
    Path="F:\Software\Labs\LAB1\Physical\Real\4PP065_0571_P74\AccessAndSecurity\CertificateStore\ThirdPartyCertificates\Package.pkg"
    LogicalPath="Real.4PP065_0571_P74.AccessAndSecurity.CertificateStore.ThirdPartyCertificates"
    Type="Package"
    LastWriteTime="133392512804232880" />
  <Object
    Path="F:\Software\Labs\LAB1\Physical\Real\4PP065_0571_P74\AccessAndSecurity\CertificateStore\ThirdPartyCertificates\SoftwareCertificates\Package.pkg"
    LogicalPath="Real.4PP065_0571_P74.AccessAndSecurity.CertificateStore.ThirdPartyCertificates.SoftwareCertificates"
    Type="Package"
    LastWriteTime="133392512804232880" />
  <Object
    Path="F:\Software\Labs\LAB1\Physical\Real\4PP065_0571_P74\AccessAndSecurity\CertificateStore\CertificateRevocationLists\Package.pkg"
    LogicalPath="Real.4PP065_0571_P74.AccessAndSecurity.CertificateStore.CertificateRevocationLists"
    Type="Package"
    LastWriteTime="133392512804232880" />
  <Object
    Path="F:\Software\Labs\LAB1\Physical\Real\4PP065_0571_P74\AccessAndSecurity\CertificateStore\CertificateSigningRequests\Package.pkg"
    LogicalPath="Real.4PP065_0571_P74.AccessAndSecurity.CertificateStore.CertificateSigningRequests"
    Type="Package"
    LastWriteTime="133392512804232880" />
  <Object
    Path="F:\Software\Labs\LAB1\Physical\Real\4PP065_0571_P74\AccessAndSecurity\TransportLayerSecurity\Package.pkg"
    LogicalPath="Real.4PP065_0571_P74.AccessAndSecurity.TransportLayerSecurity"
    Type="Package"
    LastWriteTime="133392512804232880" />
  <Object
    Path="F:\Software\Labs\LAB1\Physical\Real\4PP065_0571_P74\mappControl\Package.pkg"
    LogicalPath="Real.4PP065_0571_P74.mappControl"
    Type="Package"
    LastWriteTime="133392512804389097" />
  <Object
    Path="F:\Software\Labs\LAB1\Physical\Real\4PP065_0571_P74\mappMotion\Package.pkg"
    LogicalPath="Real.4PP065_0571_P74.mappMotion"
    Type="Package"
    LastWriteTime="133392512804389097" />
  <Object
    Path="F:\Software\Labs\LAB1\Physical\Real\4PP065_0571_P74\mappServices\Package.pkg"
    LogicalPath="Real.4PP065_0571_P74.mappServices"
    Type="Package"
    LastWriteTime="133392512804545600" />
  <Object
    Path="F:\Software\Labs\LAB1\Physical\Real\4PP065_0571_P74\mappView\Package.pkg"
    LogicalPath="Real.4PP065_0571_P74.mappView"
    Type="Package"
    LastWriteTime="133392512804610646" />
  <Object
    Path="F:\Software\Labs\LAB1\Physical\Real\4PP065_0571_P74\mappCockpit\Package.pkg"
    LogicalPath="Real.4PP065_0571_P74.mappCockpit"
    Type="Package"
    LastWriteTime="133392512804610646" />
  <Object
    Path="F:\Software\Labs\LAB1\Physical\Real\Hardware.jpg"
    LogicalPath="Real.Hardware.jpg"
    Type="File"
    LastWriteTime="133407964552994977"
    Private="false" />
</Objects>